build/app/intermediates/manifest_merge_blame_file/release/manifest-merger-blame-release-report.txt
1<?xml version="1.0" encoding="utf-8"?>
2<manifest xmlns:android="http://schemas.android.com/apk/res/android"
3    package="com.example.kiind_web"
4    android:versionCode="1"
5    android:versionName="1.0.0" >
6
7    <uses-sdk
8        android:minSdkVersion="21"
8-->src/main/AndroidManifest.xml
9        android:targetSdkVersion="34" />
9-->src/main/AndroidManifest.xml
10
11    <queries>
11-->[:flutter_inappwebview_android] AndroidManifest.xml:9:5-13:15
12        <intent>
12-->[:flutter_inappwebview_android] AndroidManifest.xml:10:9-12:18
13            <action android:name="android.support.customtabs.action.CustomTabsService" />
13-->[:flutter_inappwebview_android] AndroidManifest.xml:11:13-90
13-->[:flutter_inappwebview_android] AndroidManifest.xml:11:21-87
14        </intent>
15        <!-- Added to check the default browser that will host the AuthFlow. -->
16        <intent>
16-->[com.stripe:financial-connections:20.48.6] AndroidManifest.xml:13:9-17:18
17            <action android:name="android.intent.action.VIEW" />
17-->[com.braintreepayments.api:drop-in:6.13.0] AndroidManifest.xml:22:17-69
17-->[com.braintreepayments.api:drop-in:6.13.0] AndroidManifest.xml:22:25-66
18
19            <data android:scheme="http" />
19-->[com.braintreepayments.api:drop-in:6.13.0] AndroidManifest.xml:24:17-69
19-->[com.braintreepayments.api:drop-in:6.13.0] AndroidManifest.xml:24:23-66
20        </intent>
21
22        <package android:name="com.venmo" />
22-->[com.braintreepayments.api:braintree-core:4.38.2] AndroidManifest.xml:14:9-45
22-->[com.braintreepayments.api:braintree-core:4.38.2] AndroidManifest.xml:14:18-42
23        <package android:name="com.paypal.android.p2pmobile" /> <!-- Added to check if Chrome is installed for browser-based payment authentication (e.g. 3DS1). -->
23-->[com.braintreepayments.api:braintree-core:4.38.2] AndroidManifest.xml:15:9-64
23-->[com.braintreepayments.api:braintree-core:4.38.2] AndroidManifest.xml:15:18-61
24        <package android:name="com.android.chrome" />
24-->[com.stripe:payments-core:20.48.6] AndroidManifest.xml:11:9-54
24-->[com.stripe:payments-core:20.48.6] AndroidManifest.xml:11:18-51
25
26        <intent>
26-->[com.braintreepayments.api:browser-switch:2.6.0] AndroidManifest.xml:8:9-14:18
27            <action android:name="android.intent.action.VIEW" />
27-->[com.braintreepayments.api:drop-in:6.13.0] AndroidManifest.xml:22:17-69
27-->[com.braintreepayments.api:drop-in:6.13.0] AndroidManifest.xml:22:25-66
28
29            <category android:name="android.intent.category.BROWSABLE" />
29-->[com.braintreepayments.api:drop-in:6.13.0] AndroidManifest.xml:27:17-78
29-->[com.braintreepayments.api:drop-in:6.13.0] AndroidManifest.xml:27:27-75
30
31            <data android:scheme="https" />
31-->[com.braintreepayments.api:drop-in:6.13.0] AndroidManifest.xml:24:17-69
31-->[com.braintreepayments.api:drop-in:6.13.0] AndroidManifest.xml:24:23-66
32        </intent> <!-- Needs to be explicitly declared on Android R+ -->
33        <package android:name="com.google.android.apps.maps" />
33-->[com.google.android.gms:play-services-maps:18.0.2] AndroidManifest.xml:33:9-64
33-->[com.google.android.gms:play-services-maps:18.0.2] AndroidManifest.xml:33:18-61
34    </queries>
35
36    <uses-permission android:name="android.permission.ACCESS_NETWORK_STATE" />
36-->[com.braintreepayments.api:drop-in:6.13.0] AndroidManifest.xml:10:5-79
36-->[com.braintreepayments.api:drop-in:6.13.0] AndroidManifest.xml:10:22-76
37    <uses-permission android:name="android.permission.INTERNET" />
37-->[com.braintreepayments.api:drop-in:6.13.0] AndroidManifest.xml:11:5-67
37-->[com.braintreepayments.api:drop-in:6.13.0] AndroidManifest.xml:11:22-64
38
39    <uses-feature
39-->[com.google.android.gms:play-services-maps:18.0.2] AndroidManifest.xml:26:5-28:35
40        android:glEsVersion="0x00020000"
40-->[com.google.android.gms:play-services-maps:18.0.2] AndroidManifest.xml:27:9-41
41        android:required="true" />
41-->[com.google.android.gms:play-services-maps:18.0.2] AndroidManifest.xml:28:9-32
42
43    <uses-permission android:name="android.permission.WAKE_LOCK" />
43-->[androidx.work:work-runtime:2.7.0-alpha05] AndroidManifest.xml:25:5-68
43-->[androidx.work:work-runtime:2.7.0-alpha05] AndroidManifest.xml:25:22-65
44    <uses-permission android:name="android.permission.RECEIVE_BOOT_COMPLETED" />
44-->[androidx.work:work-runtime:2.7.0-alpha05] AndroidManifest.xml:27:5-81
44-->[androidx.work:work-runtime:2.7.0-alpha05] AndroidManifest.xml:27:22-78
45    <uses-permission android:name="android.permission.FOREGROUND_SERVICE" />
45-->[androidx.work:work-runtime:2.7.0-alpha05] AndroidManifest.xml:28:5-77
45-->[androidx.work:work-runtime:2.7.0-alpha05] AndroidManifest.xml:28:22-74
46
47    <permission
47-->[androidx.core:core:1.12.0] AndroidManifest.xml:22:5-24:47
48        android:name="com.example.kiind_web.DYNAMIC_RECEIVER_NOT_EXPORTED_PERMISSION"
48-->[androidx.core:core:1.12.0] AndroidManifest.xml:23:9-81
49        android:protectionLevel="signature" />
49-->[androidx.core:core:1.12.0] AndroidManifest.xml:24:9-44
50
51    <uses-permission android:name="com.example.kiind_web.DYNAMIC_RECEIVER_NOT_EXPORTED_PERMISSION" />
51-->[androidx.core:core:1.12.0] AndroidManifest.xml:26:5-97
51-->[androidx.core:core:1.12.0] AndroidManifest.xml:26:22-94
52
53    <application
54        android:name="android.app.Application"
54-->src/main/AndroidManifest.xml:7:9-42
55        android:appComponentFactory="androidx.core.app.CoreComponentFactory"
55-->[androidx.core:core:1.12.0] AndroidManifest.xml:28:18-86
56        android:icon="@mipmap/ic_launcher"
56-->src/main/AndroidManifest.xml:9:9-43
57        android:label="kiind_web"
57-->src/main/AndroidManifest.xml:6:9-34
58        android:supportsRtl="true" >
58-->[com.braintreepayments.api:drop-in:6.13.0] AndroidManifest.xml:14:9-35
59        <activity
59-->src/main/AndroidManifest.xml:11:9-28:20
60            android:name="com.example.kiind_web.MainActivity"
60-->src/main/AndroidManifest.xml:12:13-41
61            android:configChanges="orientation|keyboardHidden|keyboard|screenSize|smallestScreenSize|locale|layoutDirection|fontScale|screenLayout|density|uiMode"
61-->src/main/AndroidManifest.xml:16:13-163
62            android:exported="true"
62-->src/main/AndroidManifest.xml:13:13-36
63            android:hardwareAccelerated="true"
63-->src/main/AndroidManifest.xml:17:13-47
64            android:launchMode="singleTop"
64-->src/main/AndroidManifest.xml:14:13-43
65            android:theme="@style/LaunchTheme"
65-->src/main/AndroidManifest.xml:15:13-47
66            android:windowSoftInputMode="adjustResize" >
66-->src/main/AndroidManifest.xml:18:13-55
67            <meta-data
67-->src/main/AndroidManifest.xml:20:13-22:55
68                android:name="io.flutter.embedding.android.NormalTheme"
68-->src/main/AndroidManifest.xml:21:15-70
69                android:resource="@style/NormalTheme" />
69-->src/main/AndroidManifest.xml:22:15-52
70
71            <intent-filter>
71-->src/main/AndroidManifest.xml:24:13-27:29
72                <action android:name="android.intent.action.MAIN" />
72-->src/main/AndroidManifest.xml:25:17-69
72-->src/main/AndroidManifest.xml:25:25-66
73
74                <category android:name="android.intent.category.LAUNCHER" />
74-->src/main/AndroidManifest.xml:26:17-77
74-->src/main/AndroidManifest.xml:26:27-74
75            </intent-filter>
76        </activity>
77
78        <meta-data
78-->src/main/AndroidManifest.xml:30:9-32:33
79            android:name="flutterEmbedding"
79-->src/main/AndroidManifest.xml:31:13-44
80            android:value="2" />
80-->src/main/AndroidManifest.xml:32:13-30
81
82        <activity
82-->[:flutter_braintree] AndroidManifest.xml:10:9-13:20
83            android:name="com.example.flutter_braintree.DropInActivity"
83-->[:flutter_braintree] AndroidManifest.xml:11:13-72
84            android:theme="@style/bt_transparent_activity" >
84-->[:flutter_braintree] AndroidManifest.xml:12:13-59
85        </activity>
86        <activity
86-->[:flutter_inappwebview_android] AndroidManifest.xml:16:9-20:47
87            android:name="com.pichillilorenzo.flutter_inappwebview_android.in_app_browser.InAppBrowserActivity"
87-->[:flutter_inappwebview_android] AndroidManifest.xml:17:13-112
88            android:configChanges="orientation|keyboardHidden|keyboard|screenSize|locale|layoutDirection|fontScale|screenLayout|density"
88-->[:flutter_inappwebview_android] AndroidManifest.xml:18:13-137
89            android:exported="false"
89-->[:flutter_inappwebview_android] AndroidManifest.xml:19:13-37
90            android:theme="@style/AppTheme" />
90-->[:flutter_inappwebview_android] AndroidManifest.xml:20:13-44
91        <activity
91-->[:flutter_inappwebview_android] AndroidManifest.xml:21:9-24:55
92            android:name="com.pichillilorenzo.flutter_inappwebview_android.chrome_custom_tabs.ChromeCustomTabsActivity"
92-->[:flutter_inappwebview_android] AndroidManifest.xml:22:13-120
93            android:exported="false"
93-->[:flutter_inappwebview_android] AndroidManifest.xml:23:13-37
94            android:theme="@style/ThemeTransparent" />
94-->[:flutter_inappwebview_android] AndroidManifest.xml:24:13-52
95        <activity
95-->[:flutter_inappwebview_android] AndroidManifest.xml:25:9-28:55
96            android:name="com.pichillilorenzo.flutter_inappwebview_android.chrome_custom_tabs.TrustedWebActivity"
96-->[:flutter_inappwebview_android] AndroidManifest.xml:26:13-114
97            android:exported="false"
97-->[:flutter_inappwebview_android] AndroidManifest.xml:27:13-37
98            android:theme="@style/ThemeTransparent" />
98-->[:flutter_inappwebview_android] AndroidManifest.xml:28:13-52
99        <activity
99-->[:flutter_inappwebview_android] AndroidManifest.xml:29:9-33:55
100            android:name="com.pichillilorenzo.flutter_inappwebview_android.chrome_custom_tabs.ChromeCustomTabsActivitySingleInstance"
100-->[:flutter_inappwebview_android] AndroidManifest.xml:30:13-134
101            android:exported="false"
101-->[:flutter_inappwebview_android] AndroidManifest.xml:31:13-37
102            android:launchMode="singleInstance"
102-->[:flutter_inappwebview_android] AndroidManifest.xml:32:13-48
103            android:theme="@style/ThemeTransparent" />
103-->[:flutter_inappwebview_android] AndroidManifest.xml:33:13-52
104        <activity
104-->[:flutter_inappwebview_android] AndroidManifest.xml:34:9-38:55
105            android:name="com.pichillilorenzo.flutter_inappwebview_android.chrome_custom_tabs.TrustedWebActivitySingleInstance"
105-->[:flutter_inappwebview_android] AndroidManifest.xml:35:13-128
106            android:exported="false"
106-->[:flutter_inappwebview_android] AndroidManifest.xml:36:13-37
107            android:launchMode="singleInstance"
107-->[:flutter_inappwebview_android] AndroidManifest.xml:37:13-48
108            android:theme="@style/ThemeTransparent" />
108-->[:flutter_inappwebview_android] AndroidManifest.xml:38:13-52
109
110        <receiver
110-->[:flutter_inappwebview_android] AndroidManifest.xml:40:9-43:40
111            android:name="com.pichillilorenzo.flutter_inappwebview_android.chrome_custom_tabs.ActionBroadcastReceiver"
111-->[:flutter_inappwebview_android] AndroidManifest.xml:41:13-119
112            android:enabled="true"
112-->[:flutter_inappwebview_android] AndroidManifest.xml:42:13-35
113            android:exported="false" />
113-->[:flutter_inappwebview_android] AndroidManifest.xml:43:13-37
114
115        <meta-data
115-->[:flutter_inappwebview_android] AndroidManifest.xml:45:9-47:36
116            android:name="io.flutter.embedded_views_preview"
116-->[:flutter_inappwebview_android] AndroidManifest.xml:46:13-61
117            android:value="true" />
117-->[:flutter_inappwebview_android] AndroidManifest.xml:47:13-33
118
119        <activity
119-->[com.braintreepayments.api:drop-in:6.13.0] AndroidManifest.xml:16:9-29:20
120            android:name="com.braintreepayments.api.DropInActivity"
120-->[com.braintreepayments.api:drop-in:6.13.0] AndroidManifest.xml:17:13-68
121            android:exported="true"
121-->[com.braintreepayments.api:drop-in:6.13.0] AndroidManifest.xml:18:13-36
122            android:launchMode="singleTask"
122-->[com.braintreepayments.api:drop-in:6.13.0] AndroidManifest.xml:19:13-44
123            android:theme="@style/bt_drop_in_activity_theme" >
123-->[com.braintreepayments.api:drop-in:6.13.0] AndroidManifest.xml:20:13-61
124            <intent-filter>
124-->[com.braintreepayments.api:drop-in:6.13.0] AndroidManifest.xml:21:13-28:29
125                <action android:name="android.intent.action.VIEW" />
125-->[com.braintreepayments.api:drop-in:6.13.0] AndroidManifest.xml:22:17-69
125-->[com.braintreepayments.api:drop-in:6.13.0] AndroidManifest.xml:22:25-66
126
127                <data android:scheme="com.example.kiind_web.braintree" />
127-->[com.braintreepayments.api:drop-in:6.13.0] AndroidManifest.xml:24:17-69
127-->[com.braintreepayments.api:drop-in:6.13.0] AndroidManifest.xml:24:23-66
128
129                <category android:name="android.intent.category.DEFAULT" />
129-->[com.braintreepayments.api:drop-in:6.13.0] AndroidManifest.xml:26:17-76
129-->[com.braintreepayments.api:drop-in:6.13.0] AndroidManifest.xml:26:27-73
130                <category android:name="android.intent.category.BROWSABLE" />
130-->[com.braintreepayments.api:drop-in:6.13.0] AndroidManifest.xml:27:17-78
130-->[com.braintreepayments.api:drop-in:6.13.0] AndroidManifest.xml:27:27-75
131            </intent-filter>
132        </activity>
133        <activity
133-->[com.braintreepayments.api:three-d-secure:4.38.2] AndroidManifest.xml:8:9-10:54
134            android:name="com.braintreepayments.api.ThreeDSecureActivity"
134-->[com.braintreepayments.api:three-d-secure:4.38.2] AndroidManifest.xml:9:13-74
135            android:theme="@style/Theme.AppCompat" />
135-->[com.braintreepayments.api:three-d-secure:4.38.2] AndroidManifest.xml:10:13-51
136
137        <meta-data
137-->[com.braintreepayments.api:google-pay:4.38.2] AndroidManifest.xml:8:9-10:36
138            android:name="com.google.android.gms.wallet.api.enabled"
138-->[com.braintreepayments.api:google-pay:4.38.2] AndroidManifest.xml:9:13-69
139            android:value="true" />
139-->[com.braintreepayments.api:google-pay:4.38.2] AndroidManifest.xml:10:13-33
140
141        <activity
141-->[com.braintreepayments.api:google-pay:4.38.2] AndroidManifest.xml:12:9-14:62
142            android:name="com.braintreepayments.api.GooglePayActivity"
142-->[com.braintreepayments.api:google-pay:4.38.2] AndroidManifest.xml:13:13-71
143            android:theme="@style/bt_transparent_activity" />
143-->[com.braintreepayments.api:google-pay:4.38.2] AndroidManifest.xml:14:13-59
144        <activity
144-->[com.stripe:financial-connections:20.48.6] AndroidManifest.xml:21:9-65:20
145            android:name="com.stripe.android.financialconnections.FinancialConnectionsSheetRedirectActivity"
145-->[com.stripe:financial-connections:20.48.6] AndroidManifest.xml:22:13-109
146            android:exported="true"
146-->[com.stripe:financial-connections:20.48.6] AndroidManifest.xml:23:13-36
147            android:launchMode="singleTask" >
147-->[com.stripe:financial-connections:20.48.6] AndroidManifest.xml:24:13-44
148            <intent-filter>
148-->[com.stripe:financial-connections:20.48.6] AndroidManifest.xml:25:13-64:29
149                <action android:name="android.intent.action.VIEW" />
149-->[com.braintreepayments.api:drop-in:6.13.0] AndroidManifest.xml:22:17-69
149-->[com.braintreepayments.api:drop-in:6.13.0] AndroidManifest.xml:22:25-66
150
151                <category android:name="android.intent.category.DEFAULT" />
151-->[com.braintreepayments.api:drop-in:6.13.0] AndroidManifest.xml:26:17-76
151-->[com.braintreepayments.api:drop-in:6.13.0] AndroidManifest.xml:26:27-73
152                <category android:name="android.intent.category.BROWSABLE" />
152-->[com.braintreepayments.api:drop-in:6.13.0] AndroidManifest.xml:27:17-78
152-->[com.braintreepayments.api:drop-in:6.13.0] AndroidManifest.xml:27:27-75
153
154                <!-- Returning from app2app: return_url is triggered to reopen web AuthFlow and poll accounts. -->
155                <data
155-->[com.braintreepayments.api:drop-in:6.13.0] AndroidManifest.xml:24:17-69
156                    android:host="link-accounts"
157                    android:pathPrefix="/com.example.kiind_web/authentication_return"
158                    android:scheme="stripe-auth" />
158-->[com.braintreepayments.api:drop-in:6.13.0] AndroidManifest.xml:24:23-66
159
160                <!-- Returning from app2app: return_url is triggered to reopen native AuthFlow and poll accounts. -->
161                <data
161-->[com.braintreepayments.api:drop-in:6.13.0] AndroidManifest.xml:24:17-69
162                    android:host="link-native-accounts"
163                    android:pathPrefix="/com.example.kiind_web/authentication_return"
164                    android:scheme="stripe-auth" />
164-->[com.braintreepayments.api:drop-in:6.13.0] AndroidManifest.xml:24:23-66
165
166                <!-- End of web AuthFlow success and cancel URIs that begin with "stripe-auth://link-accounts/{app-id}/...” -->
167                <data
167-->[com.braintreepayments.api:drop-in:6.13.0] AndroidManifest.xml:24:17-69
168                    android:host="link-accounts"
169                    android:path="/com.example.kiind_web/success"
170                    android:scheme="stripe-auth" />
170-->[com.braintreepayments.api:drop-in:6.13.0] AndroidManifest.xml:24:23-66
171                <data
171-->[com.braintreepayments.api:drop-in:6.13.0] AndroidManifest.xml:24:17-69
172                    android:host="link-accounts"
173                    android:path="/com.example.kiind_web/cancel"
174                    android:scheme="stripe-auth" />
174-->[com.braintreepayments.api:drop-in:6.13.0] AndroidManifest.xml:24:23-66
175
176                <!-- Opening app2app: Web flow triggers stripe-auth://native-redirect/{app-id}/http://web-that-redirects-to-native -->
177                <data
177-->[com.braintreepayments.api:drop-in:6.13.0] AndroidManifest.xml:24:17-69
178                    android:host="native-redirect"
179                    android:pathPrefix="/com.example.kiind_web"
180                    android:scheme="stripe-auth" />
180-->[com.braintreepayments.api:drop-in:6.13.0] AndroidManifest.xml:24:23-66
181
182                <!-- Accepts success/cancel/fail URIs that begin with "stripe://auth-redirect” -->
183                <data
183-->[com.braintreepayments.api:drop-in:6.13.0] AndroidManifest.xml:24:17-69
184                    android:host="auth-redirect"
185                    android:pathPrefix="/com.example.kiind_web"
186                    android:scheme="stripe" />
186-->[com.braintreepayments.api:drop-in:6.13.0] AndroidManifest.xml:24:23-66
187            </intent-filter>
188        </activity>
189        <activity
189-->[com.stripe:financial-connections:20.48.6] AndroidManifest.xml:66:9-69:77
190            android:name="com.stripe.android.financialconnections.FinancialConnectionsSheetActivity"
190-->[com.stripe:financial-connections:20.48.6] AndroidManifest.xml:67:13-101
191            android:exported="false"
191-->[com.stripe:financial-connections:20.48.6] AndroidManifest.xml:68:13-37
192            android:theme="@style/StripeFinancialConnectionsDefaultTheme" />
192-->[com.stripe:financial-connections:20.48.6] AndroidManifest.xml:69:13-74
193        <activity
193-->[com.stripe:financial-connections:20.48.6] AndroidManifest.xml:70:9-74:58
194            android:name="com.stripe.android.financialconnections.ui.FinancialConnectionsSheetNativeActivity"
194-->[com.stripe:financial-connections:20.48.6] AndroidManifest.xml:71:13-110
195            android:exported="false"
195-->[com.stripe:financial-connections:20.48.6] AndroidManifest.xml:72:13-37
196            android:theme="@style/StripeFinancialConnectionsDefaultTheme"
196-->[com.stripe:financial-connections:20.48.6] AndroidManifest.xml:73:13-74
197            android:windowSoftInputMode="adjustResize" />
197-->[com.stripe:financial-connections:20.48.6] AndroidManifest.xml:74:13-55
198        <activity
198-->[com.braintreepayments.api:braintree-core:4.38.2] AndroidManifest.xml:19:9-31:20
199            android:name="com.braintreepayments.api.BraintreeDeepLinkActivity"
199-->[com.braintreepayments.api:braintree-core:4.38.2] AndroidManifest.xml:20:13-79
200            android:exported="true"
200-->[com.braintreepayments.api:braintree-core:4.38.2] AndroidManifest.xml:21:13-36
201            android:launchMode="singleTask" >
201-->[com.braintreepayments.api:braintree-core:4.38.2] AndroidManifest.xml:22:13-44
202            <intent-filter>
202-->[com.braintreepayments.api:braintree-core:4.38.2] AndroidManifest.xml:23:13-30:29
203                <action android:name="android.intent.action.VIEW" />
203-->[com.braintreepayments.api:drop-in:6.13.0] AndroidManifest.xml:22:17-69
203-->[com.braintreepayments.api:drop-in:6.13.0] AndroidManifest.xml:22:25-66
204
205                <data android:scheme="com.example.kiind_web.braintree.deeplinkhandler" />
205-->[com.braintreepayments.api:drop-in:6.13.0] AndroidManifest.xml:24:17-69
205-->[com.braintreepayments.api:drop-in:6.13.0] AndroidManifest.xml:24:23-66
206
207                <category android:name="android.intent.category.DEFAULT" />
207-->[com.braintreepayments.api:drop-in:6.13.0] AndroidManifest.xml:26:17-76
207-->[com.braintreepayments.api:drop-in:6.13.0] AndroidManifest.xml:26:27-73
208                <category android:name="android.intent.category.BROWSABLE" />
208-->[com.braintreepayments.api:drop-in:6.13.0] AndroidManifest.xml:27:17-78
208-->[com.braintreepayments.api:drop-in:6.13.0] AndroidManifest.xml:27:27-75
209            </intent-filter>
210        </activity>
211        <activity
211-->[com.stripe:paymentsheet:20.48.6] AndroidManifest.xml:8:9-11:69
212            android:name="com.stripe.android.paymentsheet.PaymentSheetActivity"
212-->[com.stripe:paymentsheet:20.48.6] AndroidManifest.xml:9:13-80
213            android:exported="false"
213-->[com.stripe:paymentsheet:20.48.6] AndroidManifest.xml:10:13-37
214            android:theme="@style/StripePaymentSheetDefaultTheme" />
214-->[com.stripe:paymentsheet:20.48.6] AndroidManifest.xml:11:13-66
215        <activity
215-->[com.stripe:paymentsheet:20.48.6] AndroidManifest.xml:12:9-15:69
216            android:name="com.stripe.android.paymentsheet.PaymentOptionsActivity"
216-->[com.stripe:paymentsheet:20.48.6] AndroidManifest.xml:13:13-82
217            android:exported="false"
217-->[com.stripe:paymentsheet:20.48.6] AndroidManifest.xml:14:13-37
218            android:theme="@style/StripePaymentSheetDefaultTheme" />
218-->[com.stripe:paymentsheet:20.48.6] AndroidManifest.xml:15:13-66
219        <activity
219-->[com.stripe:paymentsheet:20.48.6] AndroidManifest.xml:16:9-19:69
220            android:name="com.stripe.android.customersheet.CustomerSheetActivity"
220-->[com.stripe:paymentsheet:20.48.6] AndroidManifest.xml:17:13-82
221            android:exported="false"
221-->[com.stripe:paymentsheet:20.48.6] AndroidManifest.xml:18:13-37
222            android:theme="@style/StripePaymentSheetDefaultTheme" />
222-->[com.stripe:paymentsheet:20.48.6] AndroidManifest.xml:19:13-66
223        <activity
223-->[com.stripe:paymentsheet:20.48.6] AndroidManifest.xml:20:9-23:69
224            android:name="com.stripe.android.paymentsheet.addresselement.AddressElementActivity"
224-->[com.stripe:paymentsheet:20.48.6] AndroidManifest.xml:21:13-97
225            android:exported="false"
225-->[com.stripe:paymentsheet:20.48.6] AndroidManifest.xml:22:13-37
226            android:theme="@style/StripePaymentSheetDefaultTheme" />
226-->[com.stripe:paymentsheet:20.48.6] AndroidManifest.xml:23:13-66
227        <activity
227-->[com.stripe:paymentsheet:20.48.6] AndroidManifest.xml:24:9-27:69
228            android:name="com.stripe.android.paymentsheet.paymentdatacollection.bacs.BacsMandateConfirmationActivity"
228-->[com.stripe:paymentsheet:20.48.6] AndroidManifest.xml:25:13-118
229            android:exported="false"
229-->[com.stripe:paymentsheet:20.48.6] AndroidManifest.xml:26:13-37
230            android:theme="@style/StripePaymentSheetDefaultTheme" />
230-->[com.stripe:paymentsheet:20.48.6] AndroidManifest.xml:27:13-66
231        <activity
231-->[com.stripe:paymentsheet:20.48.6] AndroidManifest.xml:28:9-31:69
232            android:name="com.stripe.android.paymentsheet.paymentdatacollection.polling.PollingActivity"
232-->[com.stripe:paymentsheet:20.48.6] AndroidManifest.xml:29:13-105
233            android:exported="false"
233-->[com.stripe:paymentsheet:20.48.6] AndroidManifest.xml:30:13-37
234            android:theme="@style/StripePaymentSheetDefaultTheme" />
234-->[com.stripe:paymentsheet:20.48.6] AndroidManifest.xml:31:13-66
235        <activity
235-->[com.stripe:paymentsheet:20.48.6] AndroidManifest.xml:32:9-35:69
236            android:name="com.stripe.android.paymentsheet.ui.SepaMandateActivity"
236-->[com.stripe:paymentsheet:20.48.6] AndroidManifest.xml:33:13-82
237            android:exported="false"
237-->[com.stripe:paymentsheet:20.48.6] AndroidManifest.xml:34:13-37
238            android:theme="@style/StripePaymentSheetDefaultTheme" />
238-->[com.stripe:paymentsheet:20.48.6] AndroidManifest.xml:35:13-66
239        <activity
239-->[com.stripe:paymentsheet:20.48.6] AndroidManifest.xml:36:9-39:68
240            android:name="com.stripe.android.paymentsheet.ExternalPaymentMethodProxyActivity"
240-->[com.stripe:paymentsheet:20.48.6] AndroidManifest.xml:37:13-94
241            android:exported="false"
241-->[com.stripe:paymentsheet:20.48.6] AndroidManifest.xml:38:13-37
242            android:theme="@style/StripePayLauncherDefaultTheme" />
242-->[com.stripe:paymentsheet:20.48.6] AndroidManifest.xml:39:13-65
243        <activity
243-->[com.stripe:paymentsheet:20.48.6] AndroidManifest.xml:40:9-42:69
244            android:name="com.stripe.android.paymentsheet.paymentdatacollection.cvcrecollection.CvcRecollectionActivity"
244-->[com.stripe:paymentsheet:20.48.6] AndroidManifest.xml:41:13-121
245            android:theme="@style/StripePaymentSheetDefaultTheme" />
245-->[com.stripe:paymentsheet:20.48.6] AndroidManifest.xml:42:13-66
246        <activity
246-->[com.stripe:link:20.48.6] AndroidManifest.xml:8:9-13:61
247            android:name="com.stripe.android.link.LinkForegroundActivity"
247-->[com.stripe:link:20.48.6] AndroidManifest.xml:9:13-74
248            android:autoRemoveFromRecents="true"
248-->[com.stripe:link:20.48.6] AndroidManifest.xml:10:13-49
249            android:configChanges="orientation|keyboard|keyboardHidden|screenLayout|screenSize|smallestScreenSize"
249-->[com.stripe:link:20.48.6] AndroidManifest.xml:11:13-115
250            android:launchMode="singleTop"
250-->[com.stripe:link:20.48.6] AndroidManifest.xml:12:13-43
251            android:theme="@style/StripeTransparentTheme" />
251-->[com.stripe:link:20.48.6] AndroidManifest.xml:13:13-58
252        <activity
252-->[com.stripe:link:20.48.6] AndroidManifest.xml:14:9-31:20
253            android:name="com.stripe.android.link.LinkRedirectHandlerActivity"
253-->[com.stripe:link:20.48.6] AndroidManifest.xml:15:13-79
254            android:autoRemoveFromRecents="true"
254-->[com.stripe:link:20.48.6] AndroidManifest.xml:16:13-49
255            android:exported="true"
255-->[com.stripe:link:20.48.6] AndroidManifest.xml:17:13-36
256            android:launchMode="singleInstance"
256-->[com.stripe:link:20.48.6] AndroidManifest.xml:18:13-48
257            android:theme="@style/StripeTransparentTheme" >
257-->[com.stripe:link:20.48.6] AndroidManifest.xml:19:13-58
258            <intent-filter>
258-->[com.stripe:link:20.48.6] AndroidManifest.xml:20:13-30:29
259                <action android:name="android.intent.action.VIEW" />
259-->[com.braintreepayments.api:drop-in:6.13.0] AndroidManifest.xml:22:17-69
259-->[com.braintreepayments.api:drop-in:6.13.0] AndroidManifest.xml:22:25-66
260
261                <category android:name="android.intent.category.DEFAULT" />
261-->[com.braintreepayments.api:drop-in:6.13.0] AndroidManifest.xml:26:17-76
261-->[com.braintreepayments.api:drop-in:6.13.0] AndroidManifest.xml:26:27-73
262                <category android:name="android.intent.category.BROWSABLE" />
262-->[com.braintreepayments.api:drop-in:6.13.0] AndroidManifest.xml:27:17-78
262-->[com.braintreepayments.api:drop-in:6.13.0] AndroidManifest.xml:27:27-75
263
264                <data
264-->[com.braintreepayments.api:drop-in:6.13.0] AndroidManifest.xml:24:17-69
265                    android:host="complete"
266                    android:path="/com.example.kiind_web"
267                    android:scheme="link-popup" />
267-->[com.braintreepayments.api:drop-in:6.13.0] AndroidManifest.xml:24:23-66
268            </intent-filter>
269        </activity>
270        <activity
270-->[com.stripe:payments-ui-core:20.48.6] AndroidManifest.xml:8:9-11:69
271            android:name="com.stripe.android.ui.core.cardscan.CardScanActivity"
271-->[com.stripe:payments-ui-core:20.48.6] AndroidManifest.xml:9:13-80
272            android:exported="false"
272-->[com.stripe:payments-ui-core:20.48.6] AndroidManifest.xml:10:13-37
273            android:theme="@style/StripePaymentSheetDefaultTheme" />
273-->[com.stripe:payments-ui-core:20.48.6] AndroidManifest.xml:11:13-66
274        <activity
274-->[com.stripe:payments-core:20.48.6] AndroidManifest.xml:15:9-18:57
275            android:name="com.stripe.android.view.AddPaymentMethodActivity"
275-->[com.stripe:payments-core:20.48.6] AndroidManifest.xml:16:13-76
276            android:exported="false"
276-->[com.stripe:payments-core:20.48.6] AndroidManifest.xml:17:13-37
277            android:theme="@style/StripeDefaultTheme" />